altitude,vs,cas,tas,aoa,cl,cd,drag,lift,mass,thrust
0.0,0.0,160.88738677941916,160.88738676212392,0.05,0.1737198,0.0339416,24915.05684736963,218932.621439573,59952.81006202439,186915.59715566758
0.0,0.0,160.9740317501083,160.97403173278542,0.1,0.1767482,0.0338444,24884.10538432436,220579.11237230734,59952.78228352885,186891.99938033687
0.0,0.0,161.0602327436777,161.06023272632797,0.15000000000000002,0.1797766,0.0337472,24852.960551698376,222228.50273640742,59952.75450836954,186868.5280490986
0.0,0.0,161.14599158506977,161.14599156769123,0.2,0.182805,0.03365,24821.623325624376,223880.7707522242,59952.726736528544,186845.18258203397
0.0,0.0,161.23125730909098,161.2312572916855,0.25,0.18717277777777777,0.033748888888888884,24890.795764009563,226223.72969047775,59952.69896798805,186821.96239885245
0.0,0.0,161.31602606222148,161.31602604478982,0.3,0.192641,0.033876,24974.48849682974,229136.6450007254,59952.67120272829,186798.88120862254
0.0,0.0,161.40032698930153,161.40032697184245,0.35,0.195851,0.033894999999999995,25002.583897109726,230892.77973590186,59952.64344072937,186775.939959382
0.0,0.0,161.4841216791771,161.4841216616914,0.39999999999999997,0.205404,0.034102999999999994,25127.975417467107,235919.5742264211,59952.61568197252,186753.13067142444
0.0,0.0,161.56748045255472,161.56748043504206,0.44999999999999996,0.209964,0.034037,25112.186141418468,238381.09573318364,59952.58792643751,186730.46364515982
0.0,0.0,161.65036412944409,161.6503641119043,0.49999999999999994,0.213292,0.03411,25167.998133090565,240210.95368672838,59952.560174106824,186707.91976940492
0.0,0.0,161.73276935888967,161.73276934132295,0.5499999999999999,0.21364450000000001,0.03417333333333333,25218.798015421547,240506.11503995917,59952.53242496145,186685.50955461597
0.0,0.0,161.81475648176018,161.81475646416857,0.6,0.21700700000000003,0.034054,25175.076991107693,242358.11068426614,59952.504678982266,186663.23381779843
0.0,0.0,161.89630624371173,161.8963062260925,0.65,0.22232666666666667,0.034033,25182.06741085342,245226.57894968503,59952.47693615249,186641.07616439305
0.0,0.0,161.97738949346578,161.9773894758214,0.7000000000000001,0.22666233333333335,0.03411466666666667,25242.165984840234,247590.00347978514,59952.44919645459,186619.04171903184
0.0,0.0,162.05799849044553,162.05799847277524,0.7500000000000001,0.234233,0.034275,25343.07367532505,251635.8402954095,59952.42145986993,186597.13827525545
0.0,0.0,162.13818207872242,162.13818206102553,0.8000000000000002,0.23674800000000001,0.034205,25324.422239649208,253063.069199227,59952.39372637962,186575.36783813924
0.0,0.0,162.21788720371148,162.21788718598845,0.8500000000000002,0.237467,0.034303,25392.95590989757,253558.57996292156,59952.36599596661,186553.7171344314
0.0,0.0,162.29714467250025,162.29714465475138,0.9000000000000002,0.24380300000000002,0.034381999999999996,25451.60582937366,256977.26183294907,59952.338268611864,186532.20040799354
0.0,0.0,162.37594912328467,162.3759491055108,0.9500000000000003,0.25266999999999995,0.034534333333333334,25548.446333292006,261720.19342177574,59952.310544297514,186510.8092591598
0.0,0.0,162.45430347365414,162.454303455855,1.0000000000000002,0.250193,0.034495,25545.411164471527,260556.49014011113,59952.28282300551,186489.5450546364
0.0,0.0,162.5322066446053,162.53220662678092,1.0500000000000003,0.2561211818181818,0.03461045454545454,25623.03201366393,263776.46356389474,59952.25510471793,186468.4069269811
0.0,0.0,162.60966190431452,162.60966188646503,1.1000000000000003,0.2620493636363636,0.034725909090909085,25700.676801277114,267001.708352215,59952.22738941681,186447.39508772996
0.0,0.0,162.686670021945,162.68667000407027,1.1500000000000004,0.26517599999999997,0.034794,25753.577825223412,268767.19903206587,59952.19967708433,186426.5085764946
0.0,0.0,162.76323105922785,162.76323104132862,1.2000000000000004,0.2688,0.034879,25815.30511051679,270795.42334297753,59952.171967702714,186405.74710776572
0.0,0.0,162.83934460646597,162.83934458854256,1.2500000000000004,0.272927,0.034984,25887.50233627586,273090.0436961175,59952.144261254194,186385.11058732582
0.0,0.0,162.9150146146221,162.9150145966725,1.3000000000000005,0.27679666666666664,0.03507766666666667,25953.7668702214,275253.0519770033,59952.116557721,186364.5990484523
0.0,0.0,162.99024014838668,162.99024013041245,1.3500000000000005,0.281275,0.035197,26033.50281082362,277738.59567756666,59952.08885708551,186344.2113500157
0.0,0.0,163.0650248491306,163.06502483113343,1.4000000000000006,0.28593399999999997,0.035317,26113.61214700913,280322.66835472465,59952.0611593301,186323.94766831762
0.0,0.0,163.13936856639944,163.13936854837743,1.4500000000000006,0.289568,0.035420999999999994,26185.3313851172,282371.4989929315,59952.03346443729,186303.80694744896
0.0,0.0,163.21328058114906,163.21328056310242,1.5000000000000007,0.29346999999999995,0.035507,26247.583724120228,284564.121922857,59952.005772389595,186283.78915364094
0.0,0.0,163.28673903614515,163.28673901807457,1.5500000000000007,0.298187,0.035699999999999996,26366.195697480227,287189.07317773975,59951.9780831699,186263.89171481255
0.0,0.0,163.35976316775327,163.35976314965836,1.6000000000000008,0.30168999999999996,0.035801,26436.384361201825,289177.5810292064,59951.95039676028,186244.12044132478
0.0,0.0,163.43235722727297,163.4323572091541,1.6500000000000008,0.30604299999999995,0.035919,26515.547582495496,291617.2123331044,59951.922713143525,186224.47008224795
0.0,0.0,163.5045242813922,163.50452426325057,1.7000000000000008,0.30986749999999996,0.036019499999999996,26585.485624418154,293780.98655846756,59951.89503230262,186204.93942247354
0.0,0.0,163.57626341723417,163.57626339906852,1.7500000000000009,0.313532,0.03612633333333333,26658.774126171375,295862.9579656766,59951.86735422068,186185.52756685045
0.0,0.0,163.64758103419967,163.64758101601095,1.800000000000001,0.31837866666666664,0.036255666666666665,26743.97545691628,298573.085362097,59951.83967888078,186166.2346914268
0.0,0.0,163.7184848880681,163.71848486985434,1.850000000000001,0.32394599999999996,0.036391,26832.382651922708,301668.57154582534,59951.812006266264,186147.05900655556
0.0,0.0,163.78894688802148,163.7889468697845,1.900000000000001,0.32576979999999994,0.0365114,26912.908454773846,302784.0253791833,59951.78433636077,186127.99835977572
0.0,0.0,163.85899995558944,163.85899993733145,1.950000000000001,0.33009449999999996,0.0366065,26980.02476962221,305227.08767528716,59951.75666914688,186109.0602342353
0.0,0.0,163.92864218605044,163.92864216776783,2.000000000000001,0.3348423333333333,0.036732,27063.279785338887,307897.954372835,59951.729004608445,186090.23571404675
0.0,0.0,163.99786510126114,163.99786508295622,2.0500000000000007,0.3385495,0.0368595,27147.62058242716,310019.2438294807,59951.70134272924,186071.5252463524
0.0,0.0,164.06667761012253,164.06667759179544,2.1000000000000005,0.3428885,0.036987,27231.982993277652,312479.0785018761,59951.67368349274,186052.93104381041
0.0,0.0,164.1350812962338,164.135081277884,2.1500000000000004,0.347441,0.037126,27322.489891385998,315055.6029324096,59951.64602688277,186034.4506486664
0.0,0.0,164.203078136166,164.20307811779375,2.2,0.351616,0.037252999999999994,27406.635660902637,317434.20088317286,59951.61837288321,186016.08357212084
0.0,0.0,164.27066871056533,164.27066869216978,2.25,0.355824,0.037388,27495.06809255083,319833.2279849029,59951.59072147804,185997.82922059027
0.0,0.0,164.33784882949476,164.33784881107817,2.3,0.35833099999999996,0.037478,27559.512986624308,321327.3359175119,59951.56307265125,185979.6873759114
0.0,0.0,164.40462488508615,164.40462486664651,2.3499999999999996,0.3627601666666666,0.0376305,27657.324318289513,323849.3646449682,59951.53542638671,185961.65910051033
0.0,0.0,164.4710052295503,164.47100521108752,2.3999999999999995,0.36766099999999996,0.037783,27755.17627738278,326626.4803828375,59951.507782668516,185943.74261736876
0.0,0.0,164.5369854804048,164.53698546192038,2.4499999999999993,0.37133,0.037908,27838.35829946839,328747.97713920753,59951.4801414811,185925.93562536483
0.0,0.0,164.6025695037959,164.60256948529008,2.499999999999999,0.375698,0.038057999999999995,27934.940572438507,331245.96760174714,59951.452502808745,185908.23924062192
0.0,0.0,164.66775940223084,164.6677593837028,2.549999999999999,0.380272,0.038219,28037.453624772756,333857.1714786786,59951.424866635876,185890.65236702198
0.0,0.0,164.7325552863407,164.7325552677927,2.5999999999999988,0.3840845,0.0383545,28126.33802481819,336063.0113430514,59951.39723294701,185873.17438236842
0.0,0.0,164.79695876245165,164.79695874388068,2.6499999999999986,0.387906,0.038493,28216.85510738068,338275.9873409126,59951.36960172669,185855.80519912046
0.0,0.0,164.8609697817449,164.8609697631529,2.6999999999999984,0.39183033333333334,0.03864466666666666,28314.46829468991,340546.48246437404,59951.341972959504,185838.54432928364
0.0,0.0,164.9245993875829,164.92459936897052,2.7499999999999982,0.3960712,0.0387818,28404.304219858368,342989.4603052678,59951.31434663007,185821.39172899752
0.0,0.0,164.98784794920178,164.98784793056743,2.799999999999998,0.40097479999999996,0.038959,28515.71650492245,345791.54023520846,59951.28672272341,185804.34438324082
0.0,0.0,165.05069639631398,165.05069637765757,2.849999999999998,0.40454924999999997,0.03914574999999999,28632.325834818115,347881.2286146996,59951.2591012246,185787.40213843744
0.0,0.0,165.11318874090108,165.11318872222557,2.8999999999999977,0.41022,0.039295,28728.790139452653,351102.22012257506,59951.23148211796,185770.57004724815
0.0,0.0,165.17528533951426,165.17528532081838,2.9499999999999975,0.41329,0.039458,28832.70456754185,352924.7801359575,59951.20386538953,185753.83626881675
0.0,0.0,165.23700426390002,165.23700424518228,2.9999999999999973,0.4172045,0.03961,28930.720639911822,355204.48390382715,59951.17625102382,185737.21136568196
0.0,0.0,165.2983506606984,165.29835064196035,3.049999999999997,0.42166899999999996,0.039782,29039.56701602952,357783.36263274134,59951.14863900605,185720.69044545077
0.0,0.0,165.35932050841373,165.35932048965464,3.099999999999997,0.42513399999999996,0.039923,29131.709827655908,359824.78383354883,59951.12102932165,185704.27207830912
0.0,0.0,165.4199207392086,165.41992072042984,3.149999999999997,0.429729,0.04011,29248.747687760493,362479.0439270146,59951.093421955884,185687.95728877984
0.0,0.0,165.48015059018792,165.48015057138736,3.1999999999999966,0.4337423333333333,0.04027666666666667,29354.83974658982,364821.2125310175,59951.065816894305,185671.74417064895
0.0,0.0,165.54001365895215,165.54001364013263,3.2499999999999964,0.43804499999999996,0.040456,29467.831337998523,367322.252247246,59951.03821412243,185655.63287750675
0.0,0.0,165.59950994927442,165.59950993043464,3.2999999999999963,0.44189,0.040618,29571.47897907786,369577.6587348357,59951.010613625935,185639.62239698812
0.0,0.0,165.65864319758649,165.65864317872746,3.349999999999996,0.44632449999999996,0.04081,29691.431175175814,372154.7721989703,59950.98301539049,185623.71267861623
0.0,0.0,165.7174142038449,165.71741418496612,3.399999999999996,0.4503285,0.040983,29801.129644580236,374500.69409024226,59950.95541940192,185607.90267432667
0.0,0.0,165.77582209896335,165.77582208006294,3.4499999999999957,0.4541165,0.0411545,29910.055475492307,376731.39301837655,59950.9278256461,185592.19212192716
0.0,0.0,165.8338759652763,165.83387594635764,3.4999999999999956,0.458817,0.041359,30036.95554546843,379459.90875573014,59950.90023410884,185576.58120571772
0.0,0.0,165.89157278313982,165.89157276420173,3.5499999999999954,0.46257299999999996,0.041525,30142.982632161846,381677.3327926018,59950.87264477635,185561.06745103604
0.0,0.0,165.94891698177076,165.9489169628126,3.599999999999995,0.46637599999999996,0.041687,30246.867041039404,383922.1657379818,59950.845057634695,185545.65161832137
0.0,0.0,166.00590800418607,166.00590798520895,3.649999999999995,0.4708406666666667,0.04190133333333333,30379.284346474695,386529.2060270649,59950.81747267014,185530.33247801798
0.0,0.0,166.06255121419542,166.06255119519938,3.699999999999995,0.47499399999999997,0.04208666666666667,30495.966048333325,388968.8924274743,59950.789889868916,185515.11013332635
0.0,0.0,166.11884215113307,166.1188421321175,3.7499999999999947,0.4789105,0.0422805,30617.330874006635,391281.49348246574,59950.76230921748,185499.98310656357
0.0,0.0,166.17478871872655,166.17478869969318,3.7999999999999945,0.4832125,0.042481500000000005,30742.658067285072,393806.3319083398,59950.73473070212,185484.95254431572
0.0,0.0,166.23039191666703,166.23039189761323,3.8499999999999943,0.4873476666666666,0.042677,30865.03910636475,396242.2019380146,59950.70715430942,185470.0162919852
0.0,0.0,166.2856504608004,166.28565044172896,3.899999999999994,0.49104,0.0428555,30978.182497955768,398438.0705804492,59950.67958002603,185455.1740393374
0.0,0.0,166.3405716268153,166.34057160772403,3.949999999999994,0.49541733333333327,0.04306466666666667,31108.133521565473,401010.15549340245,59950.65200783854,185440.42608605628
0.0,0.0,166.3951535927751,166.39515357366503,3.999999999999994,0.499395,0.04326133333333333,31231.305848878008,403365.67882509524,59950.624437733815,185425.7704478767
0.0,0.0,166.44940062980643,166.44940061067857,4.049999999999994,0.5035173333333334,0.04346233333333333,31356.901162533555,405802.2247334405,59950.59686969868,185411.2075691198
0.0,0.0,166.50331401138388,166.50331399223754,4.099999999999993,0.5075813333333334,0.04366366666666667,31482.732362622806,408208.71106595855,59950.56930372012,185396.73626876573
0.0,0.0,166.55689498524828,166.55689496608417,4.149999999999993,0.5116843333333333,0.04387233333333333,31612.636650716457,410638.4172131937,59950.54173978516,185382.35616623674
0.0,0.0,166.6101462162073,166.61014619702385,4.199999999999993,0.5157766666666668,0.04408,31742.049013906988,413064.1143753493,59950.514177880905,185368.06688827428
0.0,0.0,166.6630693398846,166.6630693206844,4.249999999999993,0.519888,0.044292333333333336,31874.078589239063,415502.0597920915,59950.48661799454,185353.86768424526
0.0,0.0,166.71566721035558,166.71566719113716,4.299999999999993,0.5240723333333334,0.04450933333333333,32008.729364075993,417981.9155909841,59950.45906011333,185339.75807855296
0.0,0.0,166.76794571658462,166.76794569734776,4.3499999999999925,0.52858,0.044739999999999995,32150.952585886775,420641.3397570522,59950.43150422465,185325.73727133268
0.0,0.0,166.8199059619748,166.81990594272148,4.399999999999992,0.5327695,0.04495199999999999,32282.979199131165,423127.8320532603,59950.40395031612,185311.80365458963
0.0,0.0,166.87154221875173,166.87154219947976,4.449999999999992,0.5362870000000001,0.04514,32401.85367266652,425246.30944567313,59950.376398375374,185297.95689668524
0.0,0.0,166.922873889344,166.92287387005413,4.499999999999992,0.5412990000000001,0.045388,32553.80630824011,428189.1069455343,59950.34884838986,185284.19848640912
0.0,0.0,166.97388981017943,166.9738897908734,4.549999999999992,0.545242,0.045599,32685.45295551939,430545.2300175148,59950.321300347765,185270.52321744172
0.0,0.0,167.02458848687732,167.02458846755306,4.599999999999992,0.5493476666666667,0.045836666666666664,32831.85491389579,432992.6260076843,59950.293754236845,185256.93402800095
0.0,0.0,167.0749750884515,167.07497506910957,4.6499999999999915,0.55353,0.046072,32977.03787808357,435483.98218636645,59950.26621004482,185243.43127977036
0.0,0.0,167.12505622509028,167.1250562057319,4.699999999999991,0.558052,0.046322,33130.384149291946,438164.55320673506,59950.2386677596,185230.0135601252
0.0,0.0,167.17481354676502,167.17481352738872,4.749999999999991,0.5615156666666667,0.04655533333333334,33274.60145251424,440262.47055768355,59950.21112736935,185216.67907374873
0.0,0.0,167.2242674528138,167.22426743341984,4.799999999999991,0.5655355000000001,0.0467745,33411.04786698963,442668.91651850595,59950.18358886156,185203.43267097967
0.0,0.0,167.27341906077606,167.27341904136728,4.849999999999991,0.5695676666666667,0.04699966666666666,33550.86688593349,445083.7405134879,59950.156052224476,185190.26888593967
0.0,0.0,167.32226832069716,167.32226830127036,4.899999999999991,0.5735330000000001,0.047228,33692.49556093014,447463.1282914901,59950.12851744641,185177.1873874133
0.0,0.0,167.3708193099914,167.3708192905482,4.94999999999999,0.5776300000000001,0.04746266666666667,33837.688860515256,449916.8939596113,59950.10098451565,185164.18815521814
0.0,0.0,167.41907334308763,167.41907332362734,4.99999999999999,0.5817410000000001,0.047702999999999995,33986.08346240902,452379.97035221447,59950.073453420686,185151.27007126337
0.0,0.0,167.46703179917333,167.46703177969775,5.04999999999999,0.585868,0.047949,34137.6838090382,454853.46048925736,59950.04592415002,185138.43275326092
0.0,0.0,167.51470055756826,167.51470053807498,5.09999999999999,0.590213,0.04820366666666667,34294.15818773883,457449.395496944,59950.018396692234,185125.67580208668
0.0,0.0,167.56207913174444,167.56207911223595,5.14999999999999,0.5943923333333333,0.048454333333333335,34448.48596593581,459955.0680063753,59949.990871036134,185112.9976222213
0.0,0.0,167.6091695439721,167.60916952444592,5.1999999999999895,0.5986020000000001,0.04871,34605.65905044172,462479.12550071906,59949.96334717051,185100.39831192308
0.0,0.0,167.6559671535582,167.65596713401658,5.249999999999989,0.6019963333333334,0.04891533333333334,34734.93985903479,464551.7546570392,59949.93582508423,185087.877302546
0.0,0.0,167.70246935369346,167.70246933413594,5.299999999999989,0.605353,0.0491335,34871.39156368143,466604.44233695365,59949.90830476599,185075.43579719844
0.0,0.0,167.74869747202507,167.7486974524517,5.349999999999989,0.6096248181818182,0.04937363636363637,35020.10549218352,469167.0686472091,59949.88078620439,185063.0744579125
0.0,0.0,167.79466156660246,167.79466154701313,5.399999999999989,0.614307090909091,0.04962818181818182,35176.90013346867,471959.68149062595,59949.853269388856,185050.78758547833
0.0,0.0,167.84034235062222,167.8403423310161,5.449999999999989,0.6191485000000001,0.049972249999999996,35383.613871206755,474842.74086507666,59949.82575430918,185038.57247856382
0.0,0.0,167.88579328670028,167.88579326707932,5.4999999999999885,0.624934,0.050239000000000006,35547.37294036939,478253.58722987527,59949.79824095445,185026.43423436306
0.0,0.0,167.93092121881057,167.9309211991744,5.549999999999988,0.627303375,0.0504965,35706.064869313625,479762.8699319388,59949.77072931575,185014.35862043433
0.0,0.0,167.97580626651066,167.9758062468572,5.599999999999988,0.632303,0.05075049999999999,35862.85550355868,482739.1831596602,59949.74321938067,185002.37035861297
0.0,0.0,168.02039298991957,168.02039297025354,5.649999999999988,0.6350943333333334,0.05098133333333332,36006.79314782946,484485.2853732904,59949.71571113982,184990.44813630634
0.0,0.0,168.06466579114303,168.0646657714599,5.699999999999988,0.6379454000000001,0.051276600000000006,36186.74400301464,486265.18736264453,59949.688204581726,184978.60665192167
0.0,0.0,168.10861767081076,168.10861765111156,5.749999999999988,0.638922,0.051413,36278.02454894321,486998.42919832194,59949.66069969432,184966.85001725197
0.0,0.0,168.1523495319615,168.15234951224735,5.799999999999987,0.64625,0.051862000000000005,36543.986671692066,491280.6291677142,59949.6331964653,184955.18005931683
0.0,0.0,168.19587229456576,168.19587227483763,5.849999999999987,0.651876,0.052114999999999995,36700.54027347657,494614.4887582897,59949.605694886144,184943.56995987086
0.0,0.0,168.23910543551963,168.23910541577573,5.899999999999987,0.65520875,0.0524105,36880.94939898695,496667.7629629666,59949.578194948765,184932.01679869724
0.0,0.0,168.2820790155237,168.28207899576535,5.949999999999987,0.656358,0.052386,36882.31119352493,497499.52744232974,59949.55069664203,184920.54192629893
0.0,0.0,168.32481332921992,168.32481330944682,5.999999999999987,0.6610362692307692,0.052668692307692305,37055.61181857319,500307.25235206675,59949.52319995595,184909.13733725835
0.0,0.0,168.3673113811128,168.36731136132403,6.0499999999999865,0.6657145384615384,0.05295138461538461,37228.99365870789,503116.64134594245,59949.4957048813,184897.79762150874
0.0,0.0,168.40957617853647,168.40957615873424,6.099999999999986,0.6703928076923077,0.05323407692307691,37402.45642544904,505927.68569217884,59949.46821140899,184886.5219589004
0.0,0.0,168.4516107316525,168.45161071183594,6.149999999999986,0.6750710769230769,0.05351676923076923,37575.99985401774,508740.37704159174,59949.44071953002,184875.3095290427
0.0,0.0,168.4934180534289,168.49341803359707,6.199999999999986,0.6797493461538462,0.05379946153846153,37749.62370338271,511554.70742843236,59949.41322923553,184864.15951130178
0.0,0.0,168.53498949121771,168.53498947137186,6.249999999999986,0.6842616666666667,0.05410266666666666,37934.84459800136,514277.49802191317,59949.38574051675,184853.07108479968
0.0,0.0,168.5763250372977,168.5763250174361,6.299999999999986,0.6887325000000001,0.054411,38123.03327291274,516978.46300618706,59949.35825336461,184842.04652264115
0.0,0.0,168.61742759168533,168.61742757180988,6.349999999999985,0.6932033333333334,0.05471933333333333,38311.310489316944,519680.86263121857,59949.33076777004,184831.08580478103
0.0,0.0,168.6582966608385,168.65829664094892,6.399999999999985,0.6975947,0.055029999999999996,38500.987825996424,522340.00746148574,59949.303283724075,184820.18814040296
0.0,0.0,168.6989214302624,168.6989214103592,6.449999999999985,0.7016682000000001,0.055349999999999996,38696.00338885334,524821.6986485606,59949.27580121774,184809.35363876307
0.0,0.0,168.73929740261815,168.73929738270013,6.499999999999985,0.705404,0.05565528571428571,38882.82490420096,527114.4437992552,59949.24832024164,184798.5851448181
0.0,0.0,168.77939798305536,168.77939796312313,6.549999999999985,0.7077890000000001,0.05590171428571429,39036.58101234197,528647.4664227562,59949.22084078624,184787.88382812223
0.0,0.0,168.8192690008542,168.819268980908,6.5999999999999845,0.7118545333333334,0.056196866666666664,39217.819041024806,531127.2488145453,59949.193362841,184777.25671358264
0.0,0.0,168.8589242806054,168.85892426064507,6.649999999999984,0.7163402,0.05650419999999999,39405.99749808884,533844.9511745691,59949.16588639708,184766.69163309416
0.0,0.0,168.8983667478806,168.8983667279077,6.699999999999984,0.7208258666666667,0.05681153333333333,39594.26129082459,536564.0483706186,59949.138411446205,184756.18490339356
0.0,0.0,168.93757053657922,168.93757051659065,6.749999999999984,0.7250251538461538,0.05718007692307692,39817.14184947846,539122.974889379,59949.11093798019,184745.73573020071
0.0,0.0,168.9765311838377,168.97653116383748,6.799999999999984,0.7291528461538462,0.05756392307692308,40048.76527945434,541642.5871104426,59949.08346598988,184735.3509459569
0.0,0.0,169.01524556092204,169.01524554090864,6.849999999999984,0.7336130000000001,0.058007,40313.944997377585,544350.945745534,59949.05599546597,184725.03171156044
0.0,0.0,169.0538085005552,169.05380848052747,6.8999999999999835,0.738921,0.058249333333333334,40465.85683424117,547539.4290042483,59949.028526399015,184714.77883421927
0.0,0.0,169.09211409835055,169.09211407830915,6.949999999999983,0.7420532500000001,0.058587,40671.719477105864,549500.2446266939,59949.00105878316,184704.56718165948
0.0,0.0,169.1301691542171,169.13016913416266,6.999999999999983,0.7445170000000001,0.05882733333333333,40822.62183185872,551083.4380017603,59948.973592608556,184694.42478013164
1.2763458093728513e-05,0.0918968982748453,169.16802045552532,169.16802043545678,7.049846308652628,0.749132,0.0591855,41040.20977278425,553883.6418776491,59948.94612786563,184684.34980726588
6.549914392260859e-05,0.28780003969309126,169.20563429831893,169.20563430921635,7.099365124173879,0.751824,0.059425000000000006,41190.742776577565,555596.8872068892,59948.91866454656,184674.32982698112
0.00019582997151208962,0.6505819189511722,169.24306611231614,169.24306625123006,7.148431317554228,0.7565728461538462,0.05974615384615385,41387.5382265071,558474.9307122775,59948.89120264224,184664.37367090723
0.0004501110815004405,1.1802420729649545,169.28031890059924,169.2803193559977,7.196940107583866,0.7613216923076924,0.0600673076923077,41584.42547738352,561354.4792493442,59948.86374214566,184654.46654439223
0.0008647576312351446,1.8052130851249144,169.31729669110294,169.3172977641502,7.245011443536486,0.76374825,0.06041874999999999,41798.5691089589,562919.4844099928,59948.836283049895,184644.60750526207
0.001484231525481016,2.6549989534453595,169.354149311751,169.35415139226117,7.292548818276234,0.7703920000000001,0.060823,42042.71873843626,566875.2677618688,59948.80882534443,184634.8218174469
0.0023567768604609847,3.6273274584104165,169.39082147593817,169.39082506199364,7.339507091942964,0.7736816666666667,0.06098977777777778,42152.326988839784,568931.305594493,59948.781369024364,184625.06969199082
0.0035149855944967977,4.711775426647436,169.42726835744077,169.42727406467029,7.386074815429548,0.7766483333333334,0.061269222222222225,42325.87871691798,570804.7850969594,59948.753914082714,184615.3656030986
0.004993796472089593,5.935662892020691,169.46351708619721,169.4635256098235,7.432224018950085,0.780508,0.06158292307692308,42518.92497060544,573185.5304721419,59948.7264605108,184605.7212861623
0.006830698192537185,7.290029495201968,169.49957187187565,169.49958399248126,7.477924314463561,0.784072,0.06185215384615385,42686.78956221409,575399.2420189523,59948.699008300966,184596.12944524275
0.00906570681138386,8.80203256049408,169.53545053249394,169.53546712229144,7.523145609173225,0.7885270000000001,0.062188692307692306,42892.94967667986,578119.9421067633,59948.6715574457,184586.58884144126
0.011738150609371873,10.439562785019637,169.57112745492947,169.57114948396827,7.567896453916708,0.7919350000000001,0.06247899999999999,43072.92366568151,580246.771962441,59948.644107938155,184577.09463048662
0.014876142925959169,12.153981894408885,169.6065410147123,169.60656954927708,7.612311814158023,0.7937671666666668,0.06276741666666667,43251.88020565536,581478.1057282622,59948.61665977053,184567.65345339844
0.018507143594609615,13.989222919874317,169.64176537158212,169.6418015469815,7.656399726984325,0.7970198333333334,0.06300908333333334,43404.2709401923,583517.0565002009,59948.58921293269,184558.2814956254
0.022668159065360002,15.97008846952848,169.6768180586062,169.67686307763663,7.700045777253843,0.8010856666666667,0.06331116666666667,43591.08391811378,586019.3692225546,59948.56176741729,184548.95905057795
0.027397472187998255,18.08096601346692,169.7116908650684,169.71174602128588,7.74323490097809,0.8046418823529412,0.06357905882352942,43758.50235602561,588232.5588181929,59948.53432321763,184539.68136555253
0.032732478918075555,20.331082443089645,169.74639091899124,169.7464575998947,7.7859780029615315,0.8085016470588235,0.06387317647058824,43940.910661436596,590619.3838443446,59948.506880326706,184530.45048467978
0.03871594853110655,22.74989877073351,169.78093916857384,169.78101885350932,7.828210873057858,0.8133263529411765,0.06424082352941177,44165.284309777744,593556.961522822,59948.47943873777,184521.26439901502
0.04539064349459173,25.307904966359775,169.81531999172998,169.81541426503583,7.869933885182127,0.817186117647059,0.06453494117647059,44347.850276310994,595945.9175389844,59948.451998444856,184512.1174366477
0.052790183142046365,27.96878049531365,169.84948313281907,169.8495936838497,7.911256964373117,0.8198728571428572,0.06483714285714286,44535.093032503355,597666.8143158231,59948.4245594414,184503.0135870358
0.06093809125920027,30.696157948194518,169.8833773578399,169.88350595873914,7.952301347189684,0.8213865714285715,0.06514742857142858,44726.995169955815,598718.5528999651,59948.397121718954,184493.9660093062
0.06986263584466135,33.56056306712522,169.91710263126348,169.91725111252046,7.993010304528184,0.8251845000000001,0.0654595,44919.94360261559,601073.2456344445,59948.369685267135,184484.98814533988
0.07960533312734615,36.58685736820533,169.9507130772958,169.9508833393355,8.033225263911017,0.8297795,0.0657168,45081.68936449746,603883.8706999766,59948.34225007932,184476.05348963954
0.09020140733799525,39.70487694846832,169.98412322218203,169.98431726758548,8.073021884755885,0.8321015,0.065936,45221.74101536932,605397.6341378363,59948.314816150894,184467.1476203014
0.10167632842311222,42.914554864373805,170.01733475509172,170.01755467337708,8.112517221487353,0.8344235000000001,0.0661552,45361.80550376407,606911.3594518036,59948.28738347405,184458.29299361605
0.11406115978839569,46.25623096566716,170.05038400777644,170.05063195171454,8.151644430143245,0.83806225,0.06645324999999999,45546.957096402955,609177.7634928607,59948.25995204104,184449.48906732837
0.12739443308590395,49.74333677639248,170.0832850812304,170.08356328050715,8.190314274538409,0.8421399166666668,0.06677758333333333,45747.20243875656,611695.9130752438,59948.23252184544,184440.72614569077
0.14171654108427842,53.375840811903565,170.11604064426726,170.11635142373922,8.228504716025697,0.8462175833333334,0.06710191666666666,45947.52788867843,614215.067342079,59948.2050928814,184432.00038500846
0.15704922609235833,57.01949124627191,170.14850071203216,170.14884649603144,8.266439204750059,0.8459409999999999,0.06727835714285714,46063.29290673039,614243.2421107788,59948.177665143114,184423.31095194287
0.17341228602209519,60.79454024783328,170.18081179355354,170.18119506094598,8.304141115199242,0.8495649999999999,0.06755978571428571,46239.11317751715,616502.8490827711,59948.150238619186,184414.69735109273
0.19083836009807487,64.67319309922038,170.2129561990652,170.21337947825634,8.341456939216808,0.852283,0.06777085714285715,46374.694261197685,618244.309344586,59948.12281330369,184406.12083170476
0.20936007505798562,68.68315461213717,170.24495626915285,170.24542216954944,8.37838701720788,0.8559070000000001,0.06805228571428572,46550.6056868959,620505.1318484647,59948.09538919006,184397.58596390754
0.22901343358953255,72.82102681500066,170.27680834057867,170.27731955255481,8.414891163283295,0.8594232500000001,0.06833725000000002,46728.60180755066,622704.9614550071,59948.067966272516,184389.08674419054
0.24982987019362257,77.05731673444767,170.3084908021884,170.30905010530674,8.451024206051615,0.861979625,0.068553625,46867.32636325822,624355.0938608018,59948.040544545176,184380.6240250808
0.27184033884184644,81.41805753276445,170.34002358422117,170.3406338362477,8.4867920643262,0.8653881250000001,0.068842125,47047.439259669016,626494.1537946593,59948.01312400133,184372.20340273785
0.29507940261391563,85.90320162613352,170.37140901033735,170.37207314606255,8.522151774737658,0.8687966250000001,0.069130625,47227.608236192216,628633.8258196904,59947.985704635,184363.8195158592
0.3195779859718902,90.48659855128331,170.40263083616247,170.40335187618388,8.557147014079645,0.871353,0.069347,47366.431524582214,630284.9671232895,59947.958286440306,184355.47164164594
0.34536652286374225,95.19086707005187,170.43369857986374,170.43447962183447,8.591783804619618,0.8746542000000002,0.06965500000000001,47557.887105411006,632363.9682944139,59947.93086941074,184347.16396148197
0.37247507374352873,99.99069926441065,170.46459826010286,170.46544247747119,8.626066765218214,0.8771301,0.069886,47705.1695483221,633969.3855238716,59947.90345354016,184338.89386388028
0.4009330899544032,104.9070174538855,170.4953431486645,170.49625378990757,8.660003327606598,0.8802930000000001,0.07018842857142858,47893.51894295604,635969.6662135272,59947.87603882188,184330.66493697232
0.4307682263333843,109.90596447477837,170.5259086326265,170.52688901961477,8.69361508851042,0.8823540000000001,0.07040271428571429,48031.25298921281,637336.9298000201,59947.848625249724,184322.47358255342
0.46200342476619755,114.98746424147703,170.55629628955975,170.55734981330542,8.72695844242631,0.8844150000000001,0.070617,48168.992992779866,638704.0098381431,59947.821212816576,184314.32619775712
0.4946638872121659,120.16786536949522,170.58651882032535,170.58764892955355,8.760006518161184,0.8870125000000001,0.0708815,48335.62604415514,640379.5441934795,59947.79380151538,184306.2222842675
0.5287743189641237,125.42724324460116,170.61656612242643,170.61777632899654,8.792765362459933,0.8889606250000001,0.071079875,48464.23709229907,641681.4807447041,59947.76639133955,184298.15840931132
0.5643583270424666,130.77761491946714,170.6464543771189,170.64774825499438,8.825248202096066,0.8913002857142857,0.07129428571428571,48602.078745290826,643208.5902024747,59947.73898228213,184290.13715228628
0.6014456164675175,136.2508689408997,170.6762124543294,170.6775936370482,8.85738242447201,0.8946808571428572,0.07159085714285715,48787.248208349396,645335.1653116675,59947.71157433675,184282.15416650023
0.6400667151959326,141.8210419036891,170.70582270833984,170.7072949036339,8.889158373185362,0.8972162857142857,0.0718132857142857,48929.76390503191,646975.4703949867,59947.684167498126,184274.20174908196
0.6802485362508265,147.48806969154697,170.73528698823938,170.73685398021055,8.920619304685735,0.8997517142857144,0.07203571428571429,49072.29949250884,648615.9264045815,59947.65676176031,184266.28445291068
0.7220179790284987,153.25191830769285,170.76460645908955,170.7662720993962,8.95176551243121,0.9022885263157895,0.07226063157894737,49216.28990662998,650257.3343928888,59947.62935711741,184258.4016998785
0.7654019375997512,159.11258340532487,170.79378159401833,170.79554980185495,8.982597188196342,0.9048281052631579,0.07249052631578946,49363.171726346154,651900.4924057951,59947.601953563586,184250.55309470647
0.8104272963648362,165.0699997032872,170.8228142558043,170.824689017933,9.013114575875433,0.9073676842105264,0.07272042105263159,49510.07606343778,653543.8011430085,59947.57455109301,184242.73842461105
0.8571209215862693,171.1241018910305,170.8517063084707,170.85369167922775,9.043318021943957,0.9099072631578948,0.07295031578947368,49657.00314910996,655187.2644150266,59947.547149699894,184234.95711082531
0.9055096613816564,177.2748246357569,170.8804596173225,170.88255971859738,9.073207872639736,0.9124468421052632,0.07318021052631579,49803.953227102094,656830.886172842,59947.51974937855,184227.2085745258
0.9556203457185071,183.52210258956666,170.9090760489448,170.91129507017033,9.102784473995529,0.9149864210526317,0.0734101052631579,49950.92655370798,658474.6705081617,59947.49235012335,184219.4922368272
1.0074797864110312,189.86587039660705,170.93755747121855,170.93989966935558,9.13204817187175,0.9175260000000001,0.07364,50097.92339779598,660118.621653626,59947.464951928705,184211.80751877875
1.0611153048453696,196.30986233063066,170.96590569867104,170.96837539818483,9.160993025140506,0.9201912857142859,0.07389178571428573,50257.59377424634,661835.383822633,59947.43755478912,184204.15384135843
1.116554731998406,202.85401317123043,170.99412267003635,170.9967242641832,9.18961309686459,0.9228565714285715,0.07414357142857143,50417.296605576936,663552.369519694,59947.410158699146,184196.53063864485
1.173825880731254,209.4982577052763,171.02221032416404,171.02494827626677,9.217908739000976,0.9255218571428572,0.07439535714285714,50577.03217556541,665269.5834938079,59947.38276365342,184188.9373107098
1.2329565457923584,216.24253073467386,171.05017060131567,171.05304944475404,9.245880303495742,0.9281871428571429,0.07464714285714286,50736.800782232625,666987.0306475345,59947.355369646626,184181.37325752634
1.2939724534638135,223.0720044998029,171.07796967281436,171.08099401039598,9.273552475066303,0.930385,0.07493266666666666,50916.12403473511,668434.2558395772,59947.32797667353,184173.83787896435
1.3568914238130598,229.9445820147709,171.10555065758948,171.1087251559859,9.301019267507636,0.931227,0.075168,51066.42516959409,669096.5514031585,59947.30058472762,184166.33999637028
1.4217266573032534,236.86909911462286,171.1329523791652,171.13628175110807,9.328335656375923,0.9323426666666668,0.07532900000000001,51173.66767429958,669916.265098725,59947.27319380027,184158.8945160955
1.4884955642268372,243.8670307351795,171.160211525586,171.163700518624,9.355451734382745,0.9341511666666668,0.0754985,51285.803834158345,671136.5600276077,59947.24580388428,184151.49116455304
1.5572211043124085,250.9568578809335,171.1873472794278,171.19100068602916,9.382301664597145,0.9365635555555556,0.07571922222222222,51427.60795573982,672706.516525087,59947.218414973846,184144.1202268167
1.6279262257574683,258.12001652349653,171.2143452730297,171.21816794355834,9.408885688601544,0.9383731111111112,0.07588344444444445,51536.688142864965,673927.2384502959,59947.191027063855,184136.77658254132
1.700635145980729,265.3842090839791,171.2412323535406,171.24522919711322,9.43518883685531,0.9410874444444445,0.07612977777777778,51693.361603731384,675672.2955228989,59947.163640148676,184129.46393831488
1.7753656215939464,272.67521533118605,171.2678744221175,171.27205040607964,9.461287754944356,0.941428,0.076384,51854.6446551647,676041.0942595776,59947.13625422366,184122.1751517093
1.852123479914563,279.9813645772517,171.29433988955844,171.2987000280183,9.487324127556755,0.9413443750000003,0.07634050000000002,51843.19060940346,676162.4185540931,59947.108869279145,184114.94544335574
1.9309321802629806,287.4412779313562,171.32077190825754,171.32532123497433,9.513088907740507,0.9457705000000002,0.07666600000000001,52045.74961656976,678899.4643058929,59947.08148530804,184107.75677620523
2.01182811778016,295.00947219233507,171.34712258552054,171.35186619273847,9.538428734066944,0.9487212500000002,0.076883,52185.431668795405,680781.5332157848,59947.05410230858,184100.57142362004
2.0948492011176305,302.74232783745475,171.3734281278367,171.3783712002154,9.5633257920439,0.953522,0.077334,52461.016726028334,683738.3116043011,59947.02672027722,184093.40188381524
2.1800236313584946,310.51356989676566,171.3995724952717,171.40472030942536,9.587895384566687,0.9542106666666667,0.07740177777777778,52514.165084929205,684308.2326195547,59946.99933921176,184086.23851872573
2.2673635255213798,318.3336680760087,171.4255660368372,171.43092394076785,9.612328375991414,0.9552436666666667,0.07750344444444444,52586.94369111629,685077.4308988443,59946.97195910564,184079.1117568224
2.356880975846306,326.19197426345914,171.45140019467098,171.4569735677056,9.63662507877845,0.9559323333333334,0.07757122222222222,52639.98629553855,685645.9312694191,59946.94457995271,184072.0188217354
2.4485902584000674,334.1148601236251,171.47710073165257,171.4828949854446,9.660759628712428,0.957483375,0.0777220625,52741.25755715964,686714.9891011716,59946.91720174648,184064.96192033033
2.5425100424294578,342.1075848879825,171.50267451304427,171.50869509642325,9.684680004058801,0.959208125,0.0778881875,52851.40117163075,687884.7573781738,59946.88982448144,184057.93422923272
2.6386597168657904,350.1700710536146,171.52812298313032,171.53437539275015,9.708377752156599,0.960932875,0.07805431249999999,52961.53751076058,689054.324433411,59946.86244815232,184050.9338843395
2.737062324956431,358.3287071989977,171.55347321454306,171.559962997595,9.731809668219654,0.9635200000000002,0.07830350000000001,53119.996796472005,690725.4677549768,59946.8350727539,184043.9604428477
2.837740889812384,366.5569597638611,171.57870126385862,171.58543402528989,9.754976098818187,0.9652447500000001,0.078469625,53230.147455615064,691894.9625264461,59946.80769828198,184037.0067158232
2.9407147386093486,374.8547515742876,171.60380856762947,171.61078997096854,9.777920910582008,0.9669695,0.07863575,53340.29193625557,693064.2719577536,59946.78032473144,184030.0789246886
3.0460068533327367,383.248474434104,171.62882293476028,171.63605869410594,9.800600925229382,0.9695566250000001,0.0788849375,53498.80312578705,694735.6165069306,59946.752952097224,184023.17662644928
3.153639362497809,391.70559155441924,171.65370986817848,171.66120575475213,9.82302633854839,0.9710883750000001,0.07904500000000002,53605.43290245343,695792.4613729175,59946.72558037532,184016.29244080873
3.2636290308119293,400.220020307246,171.6784608171204,171.6862226580984,9.845260684048394,0.9724271250000001,0.079199,53708.51771464502,696736.5460817487,59946.69820956042,184009.43536384942
3.37599460924706,408.81214442569154,171.70309417279884,171.71112783927447,9.867280499054283,0.9744352500000001,0.07943,53856.46409330513,698070.3649921492,59946.670839646875,184002.60758347908
3.4907548258503054,417.46141511767735,171.72759419360386,171.73590560400558,9.889086128718285,0.975774,0.079584,53959.532445346245,699013.8308433006,59946.64347062974,183995.80420632064
3.60792486313835,426.16285335623877,171.75195007680486,171.76054519697894,9.910719551712424,0.9769580000000001,0.07974600000000001,54067.24752468689,699866.631017868,59946.61610250347,183989.02930763309
3.7275191994641457,434.9163681894944,171.7761629656386,171.78504780064185,9.932189108135773,0.9781420000000001,0.07990799999999999,54174.940053223574,700718.8893713767,59946.588735262114,183982.2856720719
3.849553364296856,443.7296186060172,171.80025220338416,171.80943279668247,9.953482458765313,0.9795716666666667,0.08006066666666665,54277.163846413445,701713.9643351894,59946.56136889978,183975.57294906015
3.974043939421466,452.6025222911737,171.82421908029855,171.83370151552256,9.974587265752799,0.9810013333333333,0.08021333333333332,54379.372208567176,702708.7067417798,59946.53400341127,183968.88600516337
4.101007483774161,461.534997048228,171.84806488480774,171.85785528835189,9.995503862041351,0.982431,0.08036599999999999,54481.565439264814,703703.121325043,59946.50663879144,183962.2244473983
4.230463892638498,470.55114677499614,171.8718179449551,171.88192248744932,10.016192920841663,0.984648,0.08059212499999999,54626.64508502957,705157.0324176364,59946.479275035206,183955.5878827566
4.36243325181372,479.62823928660555,171.89545639652926,171.90588129834632,10.036652294599158,0.986126,0.08074287499999999,54727.71596968718,706179.3493977605,59946.451912138524,183948.9688091277
4.496932478725375,488.7661944773084,171.9189815509302,171.9297330838914,10.056919478448954,0.9876039999999999,0.08089362499999998,54828.77417663523,707201.3946186315,59946.424550096526,183942.37290526758
4.633978694868346,497.96656175207806,171.94239649345633,171.95348097314653,10.076992135294745,0.9891351111111112,0.08104966666666666,54932.91305987129,708254.2168844696,59946.397188904404,183935.79976962006
4.773589452231813,507.2308912648909,171.9657043556301,171.97712814192823,10.09686526030438,0.9907193333333334,0.08121099999999999,55040.13648379983,709337.8586876844,59946.36982855746,183929.24853653825
4.915782507206274,516.5591045512316,171.98890651924432,172.00067601728819,10.116536521201583,0.9923035555555555,0.08137233333333332,55147.35365214411,710421.3022531875,59946.342469051095,183922.71832736518
4995.336717018408,6629.187966881192,256.8187558779601,275.6480105408336,1.6407675687811771,0.307859,0.019186,32407.892160417163,528825.5205652595,59746.82580628243,149349.73949826433
4997.178100611352,6628.773902315582,256.7950695440309,275.63004846823253,1.640729167759913,0.307859,0.019186,32403.269046085683,528751.3379657092,59746.80082437264,149346.91702556176
4999.019368640565,6628.355908010072,256.7713756535981,275.6120769109868,1.6406979538601902,0.307859,0.019186,32398.644939879727,528677.139450518,59746.77584197669,149344.09554423564
5000.860520014338,6627.933983159942,256.747674210223,275.5940958679331,1.6406739299891626,0.307859,0.019186,32394.01984292593,528602.9250377638,59746.750859094514,149341.27505838222
5002.701553640744,6627.508126961521,256.72396521747424,275.5761053379127,1.6406570990556837,0.307859,0.019186,32389.393756351423,528528.6947455329,59746.72587572605,149338.45557210073
5004.542468427629,6627.078338612192,256.7002486789203,275.5581053197706,1.6406474639702804,0.307859,0.019186,32384.76668128388,528454.4485919201,59746.70089187123,149335.63708949165
9995.284257918323,3524.630409021843,248.9786518982162,287.52500248650654,2.138521623875465,0.349672,0.020414,32208.03906020519,552313.6024419761,59631.90187554503,130626.55663585791
9996.263296790306,3524.449469246318,248.97776644835778,287.52815719240994,2.138579597898249,0.349672,0.020414,32207.821566811228,552309.8769913024,59631.877663513456,130622.56858674755
9997.242285359487,3524.2682288494466,248.97688073425567,287.53131143958217,2.138638074576386,0.349672,0.020414,32207.60402409795,552306.1506958366,59631.85345175383,130618.5807466091
9998.221223542352,3524.0866877845615,248.97599475661136,287.53446522844536,2.138697054382601,0.349672,0.020414,32207.386432207564,552302.4235580148,59631.82924026616,130614.59311571467
9999.200111255379,3523.9048460051795,248.97510851612546,287.53761855941985,2.1387565377871747,0.349672,0.020414,32207.168791281943,552298.6955802671,59631.80502905046,130610.60569433631
10000.178948415027,3523.7227034650027,248.97422201349465,287.5407714329243,2.1388165252600997,0.349672,0.020414,32206.951101462644,552294.966765018,59631.78081810675,130606.6184827464
10001.157734937748,3523.5402601179158,248.9733352494176,287.54392384937586,2.1388770172707376,0.349672,0.020414,32206.733362891016,552291.2371146888,59631.75660743504,130602.63148121783
10002.136470739975,3523.3575159179886,248.97244822458808,287.5470758091898,2.13893801428537,0.349672,0.020414,32206.51557570804,552287.5066316946,59631.73239703534,130598.6446900234
10003.115155738133,3523.1744708194738,248.9715609397007,287.55022731277995,2.138999516771559,0.349672,0.020414,32206.297740054488,552283.7753184463,59631.70818690766,130594.6581094364
10004.093789848632,3522.9911247768064,248.97067339544842,287.5533783605584,2.1390615251933314,0.349672,0.020414,32206.07985607082,552280.0431773502,59631.68397705202,130590.67173973031
